<?xml version="1.0" encoding="UTF-8"?>
<testsuite xmlns:xsi="http://www.w3.org/2001/XMLSchema-instance" xsi:noNamespaceSchemaLocation="https://maven.apache.org/surefire/maven-surefire-plugin/xsd/surefire-test-report.xsd" name="xyz.vusibaloyi.schoolsystem.CafeteriaTest" time="1.103" tests="6" errors="0" skipped="0" failures="0">
  <properties>
[...]
</properties>
  <testcase name="shouldReturnMessageIfItemNotFoundInStock" classname="xyz.vusibaloyi.schoolsystem.CafeteriaTest" time="1.013"/>
  <testcase name="getCafeteriaRecords" classname="xyz.vusibaloyi.schoolsystem.CafeteriaTest" time="0.013"/>
  <testcase name="getCafeteriaRevenue" classname="xyz.vusibaloyi.schoolsystem.CafeteriaTest" time="0.005"/>
  <testcase name="shouldAllowPersonsToBuyItemsFromCafeteriaIfTokensAreSufficient" classname="xyz.vusibaloyi.schoolsystem.CafeteriaTest" time="0.007"/>
  <testcase name="shouldGive25PercentOffToTeacherWith5Lessons" classname="xyz.vusibaloyi.schoolsystem.CafeteriaTest" time="0.059"/>
  <testcase name="shouldNotAllowPersonsBuyItemsFromCafeteriaIfTokensAreSufficient" classname="xyz.vusibaloyi.schoolsystem.CafeteriaTest" time="0.003"/>
</testsuite>